time           0                                         srcID          0   dstID 4294967295                                         IoT_ctrl_packet generating
time           0   recID          0   pktID          0   srcID          0   dstID 4294967295   preID          0   nexID          0   IoT_ctrl_packet counter 0
time           0   senID          0   pktID          0   srcID          0   dstID 4294967295   preID          0   nexID 4294967295   IoT_ctrl_packet counter 1
time          10   recID          2   pktID          0   srcID          0   dstID 4294967295   preID          0   nexID 4294967295   IoT_ctrl_packet counter 1
time          10   senID          2   pktID          0   srcID          0   dstID 4294967295   preID          2   nexID 4294967295   IoT_ctrl_packet counter 2
time          10   recID          1   pktID          0   srcID          0   dstID 4294967295   preID          0   nexID 4294967295   IoT_ctrl_packet counter 1
time          10   senID          1   pktID          0   srcID          0   dstID 4294967295   preID          1   nexID 4294967295   IoT_ctrl_packet counter 2
time          20   recID          5   pktID          0   srcID          0   dstID 4294967295   preID          2   nexID 4294967295   IoT_ctrl_packet counter 2
time          20   recID          0   pktID          0   srcID          0   dstID 4294967295   preID          2   nexID 4294967295   IoT_ctrl_packet counter 2
time          20   recID          3   pktID          0   srcID          0   dstID 4294967295   preID          1   nexID 4294967295   IoT_ctrl_packet counter 2
time          20   recID          6   pktID          0   srcID          0   dstID 4294967295   preID          2   nexID 4294967295   IoT_ctrl_packet counter 2
time          20   recID          0   pktID          0   srcID          0   dstID 4294967295   preID          1   nexID 4294967295   IoT_ctrl_packet counter 2
time          20   senID          3   pktID          0   srcID          0   dstID 4294967295   preID          3   nexID 4294967295   IoT_ctrl_packet counter 3
time          20   senID          5   pktID          0   srcID          0   dstID 4294967295   preID          5   nexID 4294967295   IoT_ctrl_packet counter 3
time          20   recID          4   pktID          0   srcID          0   dstID 4294967295   preID          1   nexID 4294967295   IoT_ctrl_packet counter 2
time          20   senID          4   pktID          0   srcID          0   dstID 4294967295   preID          4   nexID 4294967295   IoT_ctrl_packet counter 3
time          20   senID          6   pktID          0   srcID          0   dstID 4294967295   preID          6   nexID 4294967295   IoT_ctrl_packet counter 3
time          30   recID          7   pktID          0   srcID          0   dstID 4294967295   preID          4   nexID 4294967295   IoT_ctrl_packet counter 3
time          30   recID          7   pktID          0   srcID          0   dstID 4294967295   preID          6   nexID 4294967295   IoT_ctrl_packet counter 3
time          30   recID          1   pktID          0   srcID          0   dstID 4294967295   preID          4   nexID 4294967295   IoT_ctrl_packet counter 3
time          30   senID          7   pktID          0   srcID          0   dstID 4294967295   preID          7   nexID 4294967295   IoT_ctrl_packet counter 4
time          30   recID          2   pktID          0   srcID          0   dstID 4294967295   preID          6   nexID 4294967295   IoT_ctrl_packet counter 3
time          30   recID          7   pktID          0   srcID          0   dstID 4294967295   preID          3   nexID 4294967295   IoT_ctrl_packet counter 3
time          30   senID          7   pktID          0   srcID          0   dstID 4294967295   preID          7   nexID 4294967295   IoT_ctrl_packet counter 4
time          30   recID          2   pktID          0   srcID          0   dstID 4294967295   preID          5   nexID 4294967295   IoT_ctrl_packet counter 3
time          30   recID          1   pktID          0   srcID          0   dstID 4294967295   preID          3   nexID 4294967295   IoT_ctrl_packet counter 3
time          40   recID          6   pktID          0   srcID          0   dstID 4294967295   preID          7   nexID 4294967295   IoT_ctrl_packet counter 4
time          40   recID          6   pktID          0   srcID          0   dstID 4294967295   preID          7   nexID 4294967295   IoT_ctrl_packet counter 4
time          40   recID          3   pktID          0   srcID          0   dstID 4294967295   preID          7   nexID 4294967295   IoT_ctrl_packet counter 4
time          40   recID          3   pktID          0   srcID          0   dstID 4294967295   preID          7   nexID 4294967295   IoT_ctrl_packet counter 4
time          40   recID          4   pktID          0   srcID          0   dstID 4294967295   preID          7   nexID 4294967295   IoT_ctrl_packet counter 4
time          40   recID          4   pktID          0   srcID          0   dstID 4294967295   preID          7   nexID 4294967295   IoT_ctrl_packet counter 4
time         100                                         srcID          2   dstID          0                                         IoT_data_packet generating
time         100                                         srcID          5   dstID          0                                         IoT_data_packet generating
time         100                                         srcID          4   dstID          0                                         IoT_data_packet generating
time         100                                         srcID          6   dstID          0                                         IoT_data_packet generating
time         100   recID          4   pktID          3   srcID          4   dstID          0   preID          4   nexID          4   IoT_data_packet
time         100   recID          6   pktID          4   srcID          6   dstID          0   preID          6   nexID          6   IoT_data_packet
time         100   recID          5   pktID          2   srcID          5   dstID          0   preID          5   nexID          5   IoT_data_packet
time         100   senID          5   pktID          2   srcID          5   dstID          0   preID          5   nexID          2   IoT_data_packet
time         100   senID          4   pktID          3   srcID          4   dstID          0   preID          4   nexID          1   IoT_data_packet
time         100   recID          2   pktID          1   srcID          2   dstID          0   preID          2   nexID          2   IoT_data_packet
time         100                                         srcID          1   dstID          0                                         IoT_data_packet generating
time         100   recID          1   pktID          5   srcID          1   dstID          0   preID          1   nexID          1   IoT_data_packet
time         100                                         srcID          7   dstID          0                                         IoT_data_packet generating
time         100   recID          7   pktID          6   srcID          7   dstID          0   preID          7   nexID          7   IoT_data_packet
time         100   senID          7   pktID          6   srcID          7   dstID          0   preID          7   nexID          3   IoT_data_packet
time         100   senID          6   pktID          4   srcID          6   dstID          0   preID          6   nexID          2   IoT_data_packet
time         100                                         srcID          3   dstID          0                                         IoT_data_packet generating
time         100   recID          3   pktID          7   srcID          3   dstID          0   preID          3   nexID          3   IoT_data_packet
time         110   recID          1   pktID          3   srcID          4   dstID          0   preID          4   nexID          1   IoT_data_packet
time         110   recID          3   pktID          6   srcID          7   dstID          0   preID          7   nexID          3   IoT_data_packet
time         110   recID          2   pktID          2   srcID          5   dstID          0   preID          5   nexID          2   IoT_data_packet
time         110   recID          2   pktID          4   srcID          6   dstID          0   preID          6   nexID          2   IoT_data_packet
time         110   senID          3   pktID          6   srcID          7   dstID          0   preID          3   nexID          1   IoT_data_packet
time         110   senID          2   pktID          4   srcID          6   dstID          0   preID          2   nexID          0   IoT_data_packet
time         120   recID          1   pktID          6   srcID          7   dstID          0   preID          3   nexID          1   IoT_data_packet
time         120   senID          1   pktID          6   srcID          7   dstID          0   preID          1   nexID          0   IoT_data_packet
time         120   recID          0   pktID          4   srcID          6   dstID          0   preID          2   nexID          0   IoT_data_packet
time         130   recID          0   pktID          6   srcID          7   dstID          0   preID          1   nexID          0   IoT_data_packet
0 0
1 0
2 0
3 1
4 1
5 2
6 2
7 3
